<?xml version="1.0" encoding="UTF-8"?>
<!-- Generated by org.testng.reporters.JUnitReportReporter -->
<testsuite hostname="DESKTOP-TASGCT9" failures="0" tests="4" name="tests.LoginTest" time="102.899" errors="0" timestamp="2022-02-04T23:39:49 GMT-05:00" skipped="0">
  <testcase classname="tests.LoginTest" name="loginWithEmptyEmailTest" time="23.813"/>
  <testcase classname="tests.LoginTest" name="loginWithInvalidEmailTest" time="30.123"/>
  <testcase classname="tests.LoginTest" name="loginWithEmptyPasswordTest" time="19.869"/>
  <testcase classname="tests.LoginTest" name="LoginWithWrongEmailPasswordTest" time="29.094"/>
</testsuite> <!-- tests.LoginTest -->
